<?xml version="1.0" encoding="UTF-8"?>
<!-- Generated by org.testng.reporters.JUnitReportReporter -->
<testsuite hostname="UNKNOWN" failures="0" tests="1" name="com.orangeHRTestcases.LoginTestcase" time="2.708" errors="0" timestamp="15 Jul 2020 10:14:09 GMT" skipped="0">
  <testcase classname="com.orangeHRTestcases.LoginTestcase" name="Login" time="2.708"/>
</testsuite> <!-- com.orangeHRTestcases.LoginTestcase -->
